2021-11-03 10:43:36,189 [restartedMain] INFO  c.f.SplitMergeCompressUtilityApplication           - Starting SplitMergeCompressUtilityApplication using Java 1.8.0_201 on Chandrashekhar with PID 23596 (C:\Users\LENOVO\Desktop\smc stable code 2 Nov\SMCUtility\SplitMergeCompressUtility\target\classes started by LENOVO in C:\Users\LENOVO\Desktop\smc stable code 2 Nov\SMCUtility\SplitMergeCompressUtility)
2021-11-03 10:43:36,189 [restartedMain] INFO  c.f.SplitMergeCompressUtilityApplication           - No active profile set, falling back to default profiles: default
2021-11-03 10:43:36,391 [restartedMain] INFO  o.s.d.r.c.RepositoryConfigurationDelegate          - Bootstrapping Spring Data JPA repositories in DEFAULT mode.
2021-11-03 10:43:36,414 [restartedMain] INFO  o.s.d.r.c.RepositoryConfigurationDelegate          - Finished Spring Data repository scanning in 22 ms. Found 1 JPA repository interfaces.
2021-11-03 10:43:36,459 [restartedMain] INFO  o.s.c.s.PostProcessorRegistrationDelegate$BeanPostProcessorChecker - Bean 'org.springframework.security.access.expression.method.DefaultMethodSecurityExpressionHandler@5f9b3abb' of type [org.springframework.security.access.expression.method.DefaultMethodSecurityExpressionHandler] is not eligible for getting processed by all BeanPostProcessors (for example: not eligible for auto-proxying)
2021-11-03 10:43:36,460 [restartedMain] INFO  o.s.c.s.PostProcessorRegistrationDelegate$BeanPostProcessorChecker - Bean 'methodSecurityMetadataSource' of type [org.springframework.security.access.method.DelegatingMethodSecurityMetadataSource] is not eligible for getting processed by all BeanPostProcessors (for example: not eligible for auto-proxying)
2021-11-03 10:43:36,552 [restartedMain] INFO  o.s.b.w.embedded.tomcat.TomcatWebServer            - Tomcat initialized with port(s): 8080 (http)
2021-11-03 10:43:36,552 [restartedMain] INFO  o.apache.coyote.http11.Http11NioProtocol           - Initializing ProtocolHandler ["http-nio-8080"]
2021-11-03 10:43:36,552 [restartedMain] INFO  org.apache.catalina.core.StandardService           - Starting service [Tomcat]
2021-11-03 10:43:36,552 [restartedMain] INFO  org.apache.catalina.core.StandardEngine            - Starting Servlet engine: [Apache Tomcat/9.0.52]
2021-11-03 10:43:36,565 [restartedMain] INFO  o.a.c.c.C.[Tomcat].[localhost].[/]                 - Initializing Spring embedded WebApplicationContext
2021-11-03 10:43:36,565 [restartedMain] INFO  o.s.b.w.s.c.ServletWebServerApplicationContext     - Root WebApplicationContext: initialization completed in 373 ms
2021-11-03 10:43:36,602 [restartedMain] INFO  com.zaxxer.hikari.HikariDataSource                 - HikariPool-10 - Starting...
2021-11-03 10:43:36,695 [restartedMain] INFO  com.zaxxer.hikari.HikariDataSource                 - HikariPool-10 - Start completed.
2021-11-03 10:43:36,702 [restartedMain] INFO  o.hibernate.jpa.internal.util.LogHelper            - HHH000204: Processing PersistenceUnitInfo [name: default]
2021-11-03 10:43:36,705 [restartedMain] INFO  org.hibernate.dialect.Dialect                      - HHH000400: Using dialect: org.hibernate.dialect.PostgreSQL94Dialect
2021-11-03 10:43:36,880 [restartedMain] INFO  o.h.e.t.j.p.i.JtaPlatformInitiator                 - HHH000490: Using JtaPlatform implementation: [org.hibernate.engine.transaction.jta.platform.internal.NoJtaPlatform]
2021-11-03 10:43:36,880 [restartedMain] INFO  o.s.o.j.LocalContainerEntityManagerFactoryBean     - Initialized JPA EntityManagerFactory for persistence unit 'default'
2021-11-03 10:43:36,970 [restartedMain] WARN  o.s.b.a.o.j.JpaBaseConfiguration$JpaWebConfiguration - spring.jpa.open-in-view is enabled by default. Therefore, database queries may be performed during view rendering. Explicitly configure spring.jpa.open-in-view to disable this warning
2021-11-03 10:43:37,089 [restartedMain] INFO  o.s.s.web.DefaultSecurityFilterChain               - Will secure any request with [org.springframework.security.web.context.request.async.WebAsyncManagerIntegrationFilter@285df3a7, org.springframework.security.web.context.SecurityContextPersistenceFilter@72b7919, org.springframework.security.web.header.HeaderWriterFilter@2ea7c8f3, org.springframework.web.filter.CorsFilter@28e76ea3, org.springframework.security.web.authentication.logout.LogoutFilter@1445b956, com.flentas.config.JwtRequestFilter@5d426e35, org.springframework.security.web.savedrequest.RequestCacheAwareFilter@62b230ee, org.springframework.security.web.servletapi.SecurityContextHolderAwareRequestFilter@72c29c1b, org.springframework.security.web.authentication.AnonymousAuthenticationFilter@6296861a, org.springframework.security.web.session.SessionManagementFilter@1d94f2d0, org.springframework.security.web.access.ExceptionTranslationFilter@4d150d27, org.springframework.security.web.access.intercept.FilterSecurityInterceptor@5e8a1cbb]
2021-11-03 10:43:37,159 [restartedMain] INFO  o.s.b.d.a.OptionalLiveReloadServer                 - LiveReload server is running on port 35729
2021-11-03 10:43:37,170 [restartedMain] INFO  o.apache.coyote.http11.Http11NioProtocol           - Starting ProtocolHandler ["http-nio-8080"]
2021-11-03 10:43:37,171 [restartedMain] INFO  o.s.b.w.embedded.tomcat.TomcatWebServer            - Tomcat started on port(s): 8080 (http) with context path ''
2021-11-03 10:43:37,175 [restartedMain] INFO  c.f.SplitMergeCompressUtilityApplication           - Started SplitMergeCompressUtilityApplication in 1.016 seconds (JVM running for 2269.252)
2021-11-03 10:43:37,177 [restartedMain] INFO  o.s.b.d.a.ConditionEvaluationDeltaLoggingListener  - Condition evaluation unchanged
2021-11-03 10:43:37,177 [restartedMain] INFO  c.f.SplitMergeCompressUtilityApplication           - SpringBootApplication executed successfully
2021-11-03 10:44:17,953 [Thread-40] INFO  o.s.o.j.LocalContainerEntityManagerFactoryBean     - Closing JPA EntityManagerFactory for persistence unit 'default'
2021-11-03 10:44:17,955 [Thread-40] INFO  com.zaxxer.hikari.HikariDataSource                 - HikariPool-10 - Shutdown initiated...
2021-11-03 10:44:17,961 [Thread-40] INFO  com.zaxxer.hikari.HikariDataSource                 - HikariPool-10 - Shutdown completed.
2021-11-03 10:44:18,145 [restartedMain] INFO  c.f.SplitMergeCompressUtilityApplication           - Starting SplitMergeCompressUtilityApplication using Java 1.8.0_201 on Chandrashekhar with PID 23596 (C:\Users\LENOVO\Desktop\smc stable code 2 Nov\SMCUtility\SplitMergeCompressUtility\target\classes started by LENOVO in C:\Users\LENOVO\Desktop\smc stable code 2 Nov\SMCUtility\SplitMergeCompressUtility)
2021-11-03 10:44:18,147 [restartedMain] INFO  c.f.SplitMergeCompressUtilityApplication           - No active profile set, falling back to default profiles: default
2021-11-03 10:44:18,413 [restartedMain] INFO  o.s.d.r.c.RepositoryConfigurationDelegate          - Bootstrapping Spring Data JPA repositories in DEFAULT mode.
2021-11-03 10:44:18,435 [restartedMain] INFO  o.s.d.r.c.RepositoryConfigurationDelegate          - Finished Spring Data repository scanning in 21 ms. Found 1 JPA repository interfaces.
2021-11-03 10:44:18,482 [restartedMain] INFO  o.s.c.s.PostProcessorRegistrationDelegate$BeanPostProcessorChecker - Bean 'org.springframework.security.access.expression.method.DefaultMethodSecurityExpressionHandler@43ea222' of type [org.springframework.security.access.expression.method.DefaultMethodSecurityExpressionHandler] is not eligible for getting processed by all BeanPostProcessors (for example: not eligible for auto-proxying)
2021-11-03 10:44:18,482 [restartedMain] INFO  o.s.c.s.PostProcessorRegistrationDelegate$BeanPostProcessorChecker - Bean 'methodSecurityMetadataSource' of type [org.springframework.security.access.method.DelegatingMethodSecurityMetadataSource] is not eligible for getting processed by all BeanPostProcessors (for example: not eligible for auto-proxying)
2021-11-03 10:44:18,569 [restartedMain] INFO  o.s.b.w.embedded.tomcat.TomcatWebServer            - Tomcat initialized with port(s): 8080 (http)
2021-11-03 10:44:18,569 [restartedMain] INFO  o.apache.coyote.http11.Http11NioProtocol           - Initializing ProtocolHandler ["http-nio-8080"]
2021-11-03 10:44:18,570 [restartedMain] INFO  org.apache.catalina.core.StandardService           - Starting service [Tomcat]
2021-11-03 10:44:18,570 [restartedMain] INFO  org.apache.catalina.core.StandardEngine            - Starting Servlet engine: [Apache Tomcat/9.0.52]
2021-11-03 10:44:18,583 [restartedMain] INFO  o.a.c.c.C.[Tomcat].[localhost].[/]                 - Initializing Spring embedded WebApplicationContext
2021-11-03 10:44:18,583 [restartedMain] INFO  o.s.b.w.s.c.ServletWebServerApplicationContext     - Root WebApplicationContext: initialization completed in 434 ms
2021-11-03 10:44:18,619 [restartedMain] INFO  com.zaxxer.hikari.HikariDataSource                 - HikariPool-11 - Starting...
2021-11-03 10:44:18,716 [restartedMain] INFO  com.zaxxer.hikari.HikariDataSource                 - HikariPool-11 - Start completed.
2021-11-03 10:44:18,723 [restartedMain] INFO  o.hibernate.jpa.internal.util.LogHelper            - HHH000204: Processing PersistenceUnitInfo [name: default]
2021-11-03 10:44:18,727 [restartedMain] INFO  org.hibernate.dialect.Dialect                      - HHH000400: Using dialect: org.hibernate.dialect.PostgreSQL94Dialect
2021-11-03 10:44:18,911 [restartedMain] INFO  o.h.e.t.j.p.i.JtaPlatformInitiator                 - HHH000490: Using JtaPlatform implementation: [org.hibernate.engine.transaction.jta.platform.internal.NoJtaPlatform]
2021-11-03 10:44:18,911 [restartedMain] INFO  o.s.o.j.LocalContainerEntityManagerFactoryBean     - Initialized JPA EntityManagerFactory for persistence unit 'default'
2021-11-03 10:44:19,000 [restartedMain] WARN  o.s.b.a.o.j.JpaBaseConfiguration$JpaWebConfiguration - spring.jpa.open-in-view is enabled by default. Therefore, database queries may be performed during view rendering. Explicitly configure spring.jpa.open-in-view to disable this warning
2021-11-03 10:44:19,144 [restartedMain] INFO  o.s.s.web.DefaultSecurityFilterChain               - Will secure any request with [org.springframework.security.web.context.request.async.WebAsyncManagerIntegrationFilter@6ccd5bd9, org.springframework.security.web.context.SecurityContextPersistenceFilter@6d89993e, org.springframework.security.web.header.HeaderWriterFilter@34224a09, org.springframework.web.filter.CorsFilter@194e68ee, org.springframework.security.web.authentication.logout.LogoutFilter@64be8ef3, com.flentas.config.JwtRequestFilter@69d16d0d, org.springframework.security.web.savedrequest.RequestCacheAwareFilter@48795935, org.springframework.security.web.servletapi.SecurityContextHolderAwareRequestFilter@6e2d2031, org.springframework.security.web.authentication.AnonymousAuthenticationFilter@24a141a7, org.springframework.security.web.session.SessionManagementFilter@d84cbb0, org.springframework.security.web.access.ExceptionTranslationFilter@5941832, org.springframework.security.web.access.intercept.FilterSecurityInterceptor@4970b899]
2021-11-03 10:44:19,213 [restartedMain] INFO  o.s.b.d.a.OptionalLiveReloadServer                 - LiveReload server is running on port 35729
2021-11-03 10:44:19,225 [restartedMain] INFO  o.apache.coyote.http11.Http11NioProtocol           - Starting ProtocolHandler ["http-nio-8080"]
2021-11-03 10:44:19,227 [restartedMain] INFO  o.s.b.w.embedded.tomcat.TomcatWebServer            - Tomcat started on port(s): 8080 (http) with context path ''
2021-11-03 10:44:19,230 [restartedMain] INFO  c.f.SplitMergeCompressUtilityApplication           - Started SplitMergeCompressUtilityApplication in 1.125 seconds (JVM running for 2311.308)
2021-11-03 10:44:19,231 [restartedMain] INFO  o.s.b.d.a.ConditionEvaluationDeltaLoggingListener  - Condition evaluation unchanged
2021-11-03 10:44:19,232 [restartedMain] INFO  c.f.SplitMergeCompressUtilityApplication           - SpringBootApplication executed successfully
2021-11-03 10:57:12,563 [Thread-44] INFO  o.s.o.j.LocalContainerEntityManagerFactoryBean     - Closing JPA EntityManagerFactory for persistence unit 'default'
2021-11-03 10:57:12,565 [Thread-44] INFO  com.zaxxer.hikari.HikariDataSource                 - HikariPool-11 - Shutdown initiated...
2021-11-03 10:57:12,574 [Thread-44] INFO  com.zaxxer.hikari.HikariDataSource                 - HikariPool-11 - Shutdown completed.
