[2021-10-28T23:50:16.016Z] [org.springframework.boot.StartupInfoLogger] [restartedMain] [55] [INFO ] Starting SplitMergeCompressUtilityApplication using Java 1.8.0_201 on Chandrashekhar with PID 21476 (C:\Users\LENOVO\Desktop\smc stable code 26 oct\SMCUtility\SplitMergeCompressUtility\target\classes started by LENOVO in C:\Users\LENOVO\Desktop\smc stable code 26 oct\SMCUtility\SplitMergeCompressUtility)
[2021-10-28T23:50:16.016Z] [org.springframework.boot.SpringApplication] [restartedMain] [659] [INFO ] No active profile set, falling back to default profiles: default
[2021-10-28T23:50:16.016Z] [org.springframework.data.repository.config.RepositoryConfigurationDelegate] [restartedMain] [132] [INFO ] Bootstrapping Spring Data JPA repositories in DEFAULT mode.
[2021-10-28T23:50:16.016Z] [org.springframework.data.repository.config.RepositoryConfigurationDelegate] [restartedMain] [201] [INFO ] Finished Spring Data repository scanning in 23 ms. Found 1 JPA repository interfaces.
[2021-10-28T23:50:16.016Z] [org.springframework.context.support.PostProcessorRegistrationDelegate$BeanPostProcessorChecker] [restartedMain] [376] [INFO ] Bean 'org.springframework.security.access.expression.method.DefaultMethodSecurityExpressionHandler@2c77ecd8' of type [org.springframework.security.access.expression.method.DefaultMethodSecurityExpressionHandler] is not eligible for getting processed by all BeanPostProcessors (for example: not eligible for auto-proxying)
[2021-10-28T23:50:16.016Z] [org.springframework.context.support.PostProcessorRegistrationDelegate$BeanPostProcessorChecker] [restartedMain] [376] [INFO ] Bean 'methodSecurityMetadataSource' of type [org.springframework.security.access.method.DelegatingMethodSecurityMetadataSource] is not eligible for getting processed by all BeanPostProcessors (for example: not eligible for auto-proxying)
[2021-10-28T23:50:16.016Z] [org.springframework.boot.web.embedded.tomcat.TomcatWebServer] [restartedMain] [108] [INFO ] Tomcat initialized with port(s): 8080 (http)
[2021-10-28T23:50:16.016Z] [org.apache.juli.logging.DirectJDKLog] [restartedMain] [173] [INFO ] Initializing ProtocolHandler ["http-nio-8080"]
[2021-10-28T23:50:16.016Z] [org.apache.juli.logging.DirectJDKLog] [restartedMain] [173] [INFO ] Starting service [Tomcat]
[2021-10-28T23:50:16.016Z] [org.apache.juli.logging.DirectJDKLog] [restartedMain] [173] [INFO ] Starting Servlet engine: [Apache Tomcat/9.0.52]
[2021-10-28T23:50:16.016Z] [org.apache.juli.logging.DirectJDKLog] [restartedMain] [173] [INFO ] Initializing Spring embedded WebApplicationContext
[2021-10-28T23:50:16.016Z] [org.springframework.boot.web.servlet.context.ServletWebServerApplicationContext] [restartedMain] [290] [INFO ] Root WebApplicationContext: initialization completed in 398 ms
[2021-10-28T23:50:16.016Z] [com.zaxxer.hikari.HikariDataSource] [restartedMain] [110] [INFO ] HikariPool-3 - Starting...
[2021-10-28T23:50:16.016Z] [com.zaxxer.hikari.HikariDataSource] [restartedMain] [123] [INFO ] HikariPool-3 - Start completed.
[2021-10-28T23:50:16.016Z] [org.hibernate.jpa.internal.util.LogHelper] [restartedMain] [31] [INFO ] HHH000204: Processing PersistenceUnitInfo [name: default]
[2021-10-28T23:50:16.016Z] [org.hibernate.dialect.Dialect] [restartedMain] [175] [INFO ] HHH000400: Using dialect: org.hibernate.dialect.PostgreSQL94Dialect
[2021-10-28T23:50:16.016Z] [org.hibernate.engine.transaction.jta.platform.internal.JtaPlatformInitiator] [restartedMain] [52] [INFO ] HHH000490: Using JtaPlatform implementation: [org.hibernate.engine.transaction.jta.platform.internal.NoJtaPlatform]
[2021-10-28T23:50:16.016Z] [org.springframework.orm.jpa.AbstractEntityManagerFactoryBean] [restartedMain] [437] [INFO ] Initialized JPA EntityManagerFactory for persistence unit 'default'
[2021-10-28T23:50:17.017Z] [org.springframework.boot.autoconfigure.orm.jpa.JpaBaseConfiguration$JpaWebConfiguration] [restartedMain] [219] [WARN ] spring.jpa.open-in-view is enabled by default. Therefore, database queries may be performed during view rendering. Explicitly configure spring.jpa.open-in-view to disable this warning
[2021-10-28T23:50:17.017Z] [org.springframework.security.web.DefaultSecurityFilterChain] [restartedMain] [51] [INFO ] Will secure any request with [org.springframework.security.web.context.request.async.WebAsyncManagerIntegrationFilter@3354a25b, org.springframework.security.web.context.SecurityContextPersistenceFilter@2b876cb5, org.springframework.security.web.header.HeaderWriterFilter@480236be, org.springframework.web.filter.CorsFilter@6bfe913b, org.springframework.security.web.authentication.logout.LogoutFilter@60d1df38, com.flentas.config.JwtRequestFilter@78cdf931, org.springframework.security.web.savedrequest.RequestCacheAwareFilter@76370398, org.springframework.security.web.servletapi.SecurityContextHolderAwareRequestFilter@2f597c26, org.springframework.security.web.authentication.AnonymousAuthenticationFilter@13aae8c, org.springframework.security.web.session.SessionManagementFilter@18b8e3bb, org.springframework.security.web.access.ExceptionTranslationFilter@475357da, org.springframework.security.web.access.intercept.FilterSecurityInterceptor@4438f32f]
[2021-10-28T23:50:17.017Z] [org.springframework.boot.devtools.autoconfigure.OptionalLiveReloadServer] [restartedMain] [58] [INFO ] LiveReload server is running on port 35729
[2021-10-28T23:50:17.017Z] [org.apache.juli.logging.DirectJDKLog] [restartedMain] [173] [INFO ] Starting ProtocolHandler ["http-nio-8080"]
[2021-10-28T23:50:17.017Z] [org.springframework.boot.web.embedded.tomcat.TomcatWebServer] [restartedMain] [220] [INFO ] Tomcat started on port(s): 8080 (http) with context path ''
[2021-10-28T23:50:17.017Z] [org.springframework.boot.StartupInfoLogger] [restartedMain] [61] [INFO ] Started SplitMergeCompressUtilityApplication in 1.13 seconds (JVM running for 495.765)
[2021-10-28T23:50:17.017Z] [org.springframework.boot.devtools.autoconfigure.ConditionEvaluationDeltaLoggingListener] [restartedMain] [63] [INFO ] Condition evaluation unchanged
[2021-10-28T23:50:17.017Z] [com.flentas.SplitMergeCompressUtilityApplication] [restartedMain] [33] [INFO ] SpringBootApplication executed successfully
[2021-10-28T23:51:39.039Z] [org.apache.juli.logging.DirectJDKLog] [http-nio-8080-exec-1] [173] [INFO ] Initializing Spring DispatcherServlet 'dispatcherServlet'
[2021-10-28T23:51:39.039Z] [org.springframework.web.servlet.FrameworkServlet] [http-nio-8080-exec-1] [525] [INFO ] Initializing Servlet 'dispatcherServlet'
[2021-10-28T23:51:39.039Z] [org.springframework.web.servlet.FrameworkServlet] [http-nio-8080-exec-1] [547] [INFO ] Completed initialization in 1 ms
[2021-10-28T23:51:39.039Z] [com.flentas.service.JwtUserDetailsService] [http-nio-8080-exec-1] [26] [INFO ] Request for jwtUserDetailsService initiate successfullyapp1
[2021-10-28T23:51:39.039Z] [com.flentas.service.JwtUserDetailsService] [http-nio-8080-exec-1] [31] [INFO ] appData1app1~$2a$10$.raFrFyP2F/MnqdKdx9Jces5oZIFRyD8FX7B318WEFpmqcpQKV9ym##app2~$2a$10$l3o7o.a7b0tlFKhNVP9VneF8Me8jkjEch3JzJxMnBZ7rWEFpOFcjq##app3~$2a$10$ElToW9zI8DZyElG51GzgRe2kgIVy113X4232.txzRkoTLfkST5Qhm
[2021-10-28T23:51:39.039Z] [com.flentas.service.JwtUserDetailsService] [http-nio-8080-exec-1] [71] [INFO ] appId checked successfullyapp1
[2021-10-28T23:51:39.039Z] [com.flentas.service.JwtUserDetailsService] [http-nio-8080-exec-1] [72] [INFO ] appSecretKey matched successfully$2a$10$.raFrFyP2F/MnqdKdx9Jces5oZIFRyD8FX7B318WEFpmqcpQKV9ym
[2021-10-28T23:51:39.039Z] [com.flentas.config.ResponseHeaderFilter] [http-nio-8080-exec-1] [35] [INFO ] Logging Request  POST : /api/compress
[2021-10-28T23:51:39.039Z] [com.flentas.controller.ImageController] [http-nio-8080-exec-1] [36] [INFO ] Request received successfully for Image fileorg.springframework.web.multipart.support.StandardMultipartHttpServletRequest$StandardMultipartFile@1e6c628a
[2021-10-28T23:51:39.039Z] [com.flentas.serviceImpl.ImageServiceImpl] [http-nio-8080-exec-1] [60] [INFO ] Image file uploaded successfullyimg1.jpg
[2021-10-28T23:51:45.045Z] [com.flentas.serviceImpl.ImageServiceImpl] [http-nio-8080-exec-1] [128] [INFO ] Image file compressed successfully
[2021-10-28T23:51:45.045Z] [com.flentas.serviceImpl.ImageServiceImpl] [http-nio-8080-exec-1] [147] [INFO ] uploaded Image file deleted successfullyImageUpload
[2021-10-28T23:51:45.045Z] [com.flentas.serviceImpl.ImageServiceImpl] [http-nio-8080-exec-1] [170] [INFO ] merged file downloaded successfullycompress.png
[2021-10-28T23:51:45.045Z] [com.flentas.serviceImpl.ImageServiceImpl] [http-nio-8080-exec-1] [171] [INFO ] merged file downloaded successfullyCompressImage\compress.png
[2021-10-28T23:51:45.045Z] [com.flentas.config.ResponseHeaderFilter] [http-nio-8080-exec-1] [44] [INFO ] Logging Response :application/octet-stream
[2021-10-28T23:53:05.005Z] [org.springframework.orm.jpa.AbstractEntityManagerFactoryBean] [Thread-12] [651] [INFO ] Closing JPA EntityManagerFactory for persistence unit 'default'
[2021-10-28T23:53:05.005Z] [com.zaxxer.hikari.HikariDataSource] [Thread-12] [350] [INFO ] HikariPool-3 - Shutdown initiated...
[2021-10-28T23:53:05.005Z] [com.zaxxer.hikari.HikariDataSource] [Thread-12] [352] [INFO ] HikariPool-3 - Shutdown completed.
